<?xml version="1.0" encoding="UTF-8"?>
<robot generator="Robot 6.0.2 (Python 3.9.13 on win32)" generated="20230124 17:05:36.210" rpa="false" schemaversion="3">
<suite id="s1" name="Demo1" source="C:\Users\40032482\robot_project\selenium_suite\demo1.robot">
<test id="s1-t1" name="TC5" line="27">
<kw name="Open Browser" library="SeleniumLibrary">
<arg>browser=chrome</arg>
<doc>Opens a new browser instance to the optional ``url``.</doc>
<msg timestamp="20230124 17:05:36.560" level="INFO">Opening browser 'chrome' to base url 'None'.</msg>
<status status="PASS" starttime="20230124 17:05:36.559" endtime="20230124 17:05:38.251"/>
</kw>
<kw name="Run Keyword And Ignore Error" library="BuiltIn">
<var>@{output}</var>
<arg>Click Element</arg>
<arg>xpath=//a</arg>
<doc>Runs the given keyword with the given arguments and ignores possible error.</doc>
<kw name="Click Element" library="SeleniumLibrary">
<arg>xpath=//a</arg>
<doc>Click the element identified by ``locator``.</doc>
<msg timestamp="20230124 17:05:38.257" level="INFO">Clicking element 'xpath=//a'.</msg>
<msg timestamp="20230124 17:05:38.449" level="INFO" html="true">&lt;/td&gt;&lt;/tr&gt;&lt;tr&gt;&lt;td colspan="3"&gt;&lt;a href="selenium-screenshot-69.png"&gt;&lt;img src="selenium-screenshot-69.png" width="800px"&gt;&lt;/a&gt;</msg>
<msg timestamp="20230124 17:05:38.450" level="FAIL">Element with locator 'xpath=//a' not found.</msg>
<status status="FAIL" starttime="20230124 17:05:38.255" endtime="20230124 17:05:38.454"/>
</kw>
<msg timestamp="20230124 17:05:38.454" level="INFO">@{output} = [ FAIL | Element with locator 'xpath=//a' not found. ]</msg>
<status status="PASS" starttime="20230124 17:05:38.253" endtime="20230124 17:05:38.455"/>
</kw>
<kw name="Log To Console" library="BuiltIn">
<arg>${output}</arg>
<doc>Logs the given message to the console.</doc>
<status status="PASS" starttime="20230124 17:05:38.455" endtime="20230124 17:05:38.455"/>
</kw>
<kw name="Log To Console" library="BuiltIn">
<arg>${output}[0]</arg>
<doc>Logs the given message to the console.</doc>
<status status="PASS" starttime="20230124 17:05:38.456" endtime="20230124 17:05:38.456"/>
</kw>
<kw name="Log To Console" library="BuiltIn">
<arg>${output}[1]</arg>
<doc>Logs the given message to the console.</doc>
<status status="PASS" starttime="20230124 17:05:38.457" endtime="20230124 17:05:38.457"/>
</kw>
<status status="PASS" starttime="20230124 17:05:36.557" endtime="20230124 17:05:38.458"/>
</test>
<status status="PASS" starttime="20230124 17:05:36.213" endtime="20230124 17:05:38.459"/>
</suite>
<statistics>
<total>
<stat pass="1" fail="0" skip="0">All Tests</stat>
</total>
<tag>
</tag>
<suite>
<stat pass="1" fail="0" skip="0" id="s1" name="Demo1">Demo1</stat>
</suite>
</statistics>
<errors>
</errors>
</robot>
