<?xml version="1.0" encoding="UTF-8"?>
<robot generator="Robot 6.0.2 (Python 3.9.13 on win32)" generated="20230127 12:40:08.280" rpa="false" schemaversion="3">
<suite id="s1" name="Demo2" source="C:\Users\40032482\robot_project\api_suite\demo2.robot">
<kw name="Create Session" library="RequestsLibrary" type="SETUP">
<arg>alias=pet shop</arg>
<arg>url=https://petstore.swagger.io/v2</arg>
<doc>Create Session: create a HTTP session to a server</doc>
<msg timestamp="20230127 12:40:08.534" level="INFO">Creating Session using : alias=pet shop, url=https://petstore.swagger.io/v2, headers={},                     cookies={}, auth=None, timeout=None, proxies=None, verify=False,                     debug=0 </msg>
<status status="PASS" starttime="20230127 12:40:08.534" endtime="20230127 12:40:08.534"/>
</kw>
<test id="s1-t1" name="TC5 Delet Pet" line="27">
<kw name="GET On Session" library="RequestsLibrary">
<var>${response}</var>
<arg>alias=petshop</arg>
<arg>url=pet/500199</arg>
<doc>Sends a GET request on a previously created HTTP Session.</doc>
<msg timestamp="20230127 12:40:09.569" level="INFO">GET Request : url=https://petstore.swagger.io/v2/pet/500199 
 path_url=/v2/pet/500199 
 headers={'User-Agent': 'python-requests/2.28.2', 'Accept-Encoding': 'gzip, deflate', 'Accept': '*/*', 'Connection': 'keep-alive'} 
 body=None 
 </msg>
<msg timestamp="20230127 12:40:09.569" level="INFO">GET Response : url=https://petstore.swagger.io/v2/pet/500199 
 status=200, reason=OK 
 headers={'Date': 'Fri, 27 Jan 2023 07:10:07 GMT', 'Content-Type': 'application/json', 'Transfer-Encoding': 'chunked', 'Connection': 'keep-alive', 'Access-Control-Allow-Origin': '*', 'Access-Control-Allow-Methods': 'GET, POST, DELETE, PUT', 'Access-Control-Allow-Headers': 'Content-Type, api_key, Authorization', 'Server': 'Jetty(9.2.9.v20150224)'} 
 body={"id":500199,"category":{"id":0,"name":"string"},"name":"doggie-M","photoUrls":["string"],"tags":[{"id":0,"name":"string"}],"status":"available"} 
 </msg>
<msg timestamp="20230127 12:40:09.569" level="INFO">C:\Users\40032482\AppData\Local\Programs\Python\Python39\lib\site-packages\urllib3\connectionpool.py:1045: InsecureRequestWarning: Unverified HTTPS request is being made to host 'petstore.swagger.io'. Adding certificate verification is strongly advised. See: https://urllib3.readthedocs.io/en/1.26.x/advanced-usage.html#ssl-warnings
  warnings.warn(</msg>
<msg timestamp="20230127 12:40:09.569" level="INFO">${response} = &lt;Response [200]&gt;</msg>
<status status="PASS" starttime="20230127 12:40:08.534" endtime="20230127 12:40:09.569"/>
</kw>
<kw name="Status Should Be" library="RequestsLibrary">
<arg>200</arg>
<doc>Fails if response status code is different than the expected.</doc>
<status status="PASS" starttime="20230127 12:40:09.569" endtime="20230127 12:40:09.569"/>
</kw>
<kw name="log ${response}">
<msg timestamp="20230127 12:40:09.569" level="FAIL">No keyword with name 'log ${response}' found. Did you try using keyword 'BuiltIn.Log' and forgot to use enough whitespace between keyword and arguments?</msg>
<status status="FAIL" starttime="20230127 12:40:09.569" endtime="20230127 12:40:09.569"/>
</kw>
<status status="FAIL" starttime="20230127 12:40:08.534" endtime="20230127 12:40:09.569">No keyword with name 'log ${response}' found. Did you try using keyword 'BuiltIn.Log' and forgot to use enough whitespace between keyword and arguments?</status>
</test>
<status status="FAIL" starttime="20230127 12:40:08.280" endtime="20230127 12:40:09.569"/>
</suite>
<statistics>
<total>
<stat pass="0" fail="1" skip="0">All Tests</stat>
</total>
<tag>
</tag>
<suite>
<stat pass="0" fail="1" skip="0" id="s1" name="Demo2">Demo2</stat>
</suite>
</statistics>
<errors>
</errors>
</robot>
