<?xml version="1.0" encoding="UTF-8"?>
<robot generator="Robot 6.0.2 (Python 3.9.13 on win32)" generated="20230120 17:24:39.432" rpa="false" schemaversion="3">
<suite id="s1" name="Demo1 App Launch" source="C:\Users\40032482\robot_project\appium_suite\demo1_app_launch.robot">
<test id="s1-t1" name="TC2" line="18">
<kw name="Open Application" library="AppiumLibrary">
<arg>remote_url=http://localhost:4723/wd/hub</arg>
<arg>platformName=android</arg>
<arg>deviceName=OnePlus Nord CE 2 Lite 5G</arg>
<arg>app=C:\\Users\\40032482\\Downloads\\khan-academy-7-3-2.apk</arg>
<doc>Opens a new application to given Appium server.
Capabilities of appium server, Android and iOS,
Please check https://github.com/appium/appium/blob/master/docs/en/writing-running-appium/server-args.md
| *Option*            | *Man.* | *Description*     |
| remote_url          | Yes    | Appium server url |
| alias               | no     | alias             |
| strict_ssl          | No     | allows you to send commands to an invalid certificate host like a self-signed one. |</doc>
<status status="PASS" starttime="20230120 17:24:39.784" endtime="20230120 17:24:52.196"/>
</kw>
<kw name="Wait Until Page Contains Element" library="AppiumLibrary">
<arg>xpath=//*[@text='Dismiss']</arg>
<arg>30s</arg>
<doc>Waits until element specified with `locator` appears on current page.</doc>
<msg timestamp="20230120 17:24:55.630" level="INFO">xpath criteria: //*[@text='Dismiss']
xpath criteria: //*[@text='Dismiss']
xpath criteria: //*[@text='Dismiss']</msg>
<status status="PASS" starttime="20230120 17:24:52.197" endtime="20230120 17:24:55.630"/>
</kw>
<kw name="Click Element" library="AppiumLibrary">
<arg>xpath=//*[@text='Dismiss']</arg>
<doc>Click element identified by `locator`.</doc>
<msg timestamp="20230120 17:24:55.630" level="INFO">Clicking element 'xpath=//*[@text='Dismiss']'.</msg>
<msg timestamp="20230120 17:24:55.726" level="INFO">xpath criteria: //*[@text='Dismiss']</msg>
<status status="PASS" starttime="20230120 17:24:55.630" endtime="20230120 17:24:55.726"/>
</kw>
<kw name="Wait Until Page Contains Element" library="AppiumLibrary">
<arg>xpath=//android.widget.TextView[@text='Sign in']</arg>
<arg>30s</arg>
<doc>Waits until element specified with `locator` appears on current page.</doc>
<msg timestamp="20230120 17:24:56.861" level="INFO">xpath criteria: //android.widget.TextView[@text='Sign in']</msg>
<status status="PASS" starttime="20230120 17:24:55.726" endtime="20230120 17:24:56.861"/>
</kw>
<kw name="Click Element" library="AppiumLibrary">
<arg>xpath=//android.widget.TextView[@text='Sign in']</arg>
<doc>Click element identified by `locator`.</doc>
<msg timestamp="20230120 17:24:56.861" level="INFO">Clicking element 'xpath=//android.widget.TextView[@text='Sign in']'.</msg>
<msg timestamp="20230120 17:24:56.978" level="INFO">xpath criteria: //android.widget.TextView[@text='Sign in']</msg>
<status status="PASS" starttime="20230120 17:24:56.861" endtime="20230120 17:24:56.981"/>
</kw>
<kw name="Wait Until Page Contains Element" library="AppiumLibrary">
<arg>xpath=//android.widget.TextView[@text='Sign in']</arg>
<arg>30s</arg>
<doc>Waits until element specified with `locator` appears on current page.</doc>
<msg timestamp="20230120 17:24:57.685" level="INFO">xpath criteria: //android.widget.TextView[@text='Sign in']</msg>
<status status="PASS" starttime="20230120 17:24:56.981" endtime="20230120 17:24:57.685"/>
</kw>
<kw name="Click Element" library="AppiumLibrary">
<arg>xpath=//android.widget.TextView[@text='Sign in']</arg>
<doc>Click element identified by `locator`.</doc>
<msg timestamp="20230120 17:24:57.685" level="INFO">Clicking element 'xpath=//android.widget.TextView[@text='Sign in']'.</msg>
<msg timestamp="20230120 17:24:57.816" level="INFO">xpath criteria: //android.widget.TextView[@text='Sign in']</msg>
<status status="PASS" starttime="20230120 17:24:57.685" endtime="20230120 17:24:57.816"/>
</kw>
<kw name="Wait Until Page Contains Element" library="AppiumLibrary">
<arg>xpath=//android.widget.EditText[@text='Enter an e-mail address or username']</arg>
<arg>30s</arg>
<doc>Waits until element specified with `locator` appears on current page.</doc>
<msg timestamp="20230120 17:24:58.570" level="INFO">xpath criteria: //android.widget.EditText[@text='Enter an e-mail address or username']</msg>
<status status="PASS" starttime="20230120 17:24:57.816" endtime="20230120 17:24:58.570"/>
</kw>
<kw name="Click Element" library="AppiumLibrary">
<arg>xpath=//android.widget.EditText[@text='Enter an e-mail address or username']</arg>
<doc>Click element identified by `locator`.</doc>
<msg timestamp="20230120 17:24:58.570" level="INFO">Clicking element 'xpath=//android.widget.EditText[@text='Enter an e-mail address or username']'.</msg>
<msg timestamp="20230120 17:24:58.697" level="INFO">xpath criteria: //android.widget.EditText[@text='Enter an e-mail address or username']</msg>
<status status="PASS" starttime="20230120 17:24:58.570" endtime="20230120 17:24:58.697"/>
</kw>
<kw name="Input Text" library="AppiumLibrary">
<arg>xpath=//android.widget.EditText[@text='Enter an e-mail address or username']</arg>
<arg>ayush</arg>
<doc>Types the given `text` into text field identified by `locator`.</doc>
<msg timestamp="20230120 17:24:58.701" level="INFO">Typing text 'ayush' into text field 'xpath=//android.widget.EditText[@text='Enter an e-mail address or username']'</msg>
<msg timestamp="20230120 17:25:00.382" level="INFO">xpath criteria: //android.widget.EditText[@text='Enter an e-mail address or username']</msg>
<status status="PASS" starttime="20230120 17:24:58.699" endtime="20230120 17:25:00.382"/>
</kw>
<kw name="Click Element" library="AppiumLibrary">
<arg>xpath=//android.widget.EditText[@text='Password']</arg>
<doc>Click element identified by `locator`.</doc>
<msg timestamp="20230120 17:25:00.382" level="INFO">Clicking element 'xpath=//android.widget.EditText[@text='Password']'.</msg>
<msg timestamp="20230120 17:25:01.768" level="INFO">xpath criteria: //android.widget.EditText[@text='Password']</msg>
<status status="PASS" starttime="20230120 17:25:00.382" endtime="20230120 17:25:01.768"/>
</kw>
<kw name="Input Text" library="AppiumLibrary">
<arg>xpath=//android.widget.EditText[@text='Password']</arg>
<arg>123456</arg>
<doc>Types the given `text` into text field identified by `locator`.</doc>
<msg timestamp="20230120 17:25:01.783" level="INFO">Typing text '123456' into text field 'xpath=//android.widget.EditText[@text='Password']'</msg>
<msg timestamp="20230120 17:25:03.114" level="INFO">xpath criteria: //android.widget.EditText[@text='Password']</msg>
<status status="PASS" starttime="20230120 17:25:01.768" endtime="20230120 17:25:03.114"/>
</kw>
<kw name="Wait Until Page Contains Element" library="AppiumLibrary">
<arg>xpath=//android.widget.Button[@content-desc="Sign in"]</arg>
<arg>30s</arg>
<doc>Waits until element specified with `locator` appears on current page.</doc>
<msg timestamp="20230120 17:25:03.808" level="INFO">xpath criteria: //android.widget.Button[@content-desc="Sign in"]</msg>
<status status="PASS" starttime="20230120 17:25:03.114" endtime="20230120 17:25:03.808"/>
</kw>
<kw name="Click Element" library="AppiumLibrary">
<arg>xpath=//android.widget.Button[@content-desc="Sign in"]</arg>
<doc>Click element identified by `locator`.</doc>
<msg timestamp="20230120 17:25:03.808" level="INFO">Clicking element 'xpath=//android.widget.Button[@content-desc="Sign in"]'.</msg>
<msg timestamp="20230120 17:25:03.931" level="INFO">xpath criteria: //android.widget.Button[@content-desc="Sign in"]</msg>
<status status="PASS" starttime="20230120 17:25:03.808" endtime="20230120 17:25:03.931"/>
</kw>
<kw name="Wait Until Page Contains Element" library="AppiumLibrary">
<arg>xpath=//android.widget.TextView[@text='There was an issue signing in']</arg>
<doc>Waits until element specified with `locator` appears on current page.</doc>
<msg timestamp="20230120 17:25:05.540" level="INFO">xpath criteria: //android.widget.TextView[@text='There was an issue signing in']
xpath criteria: //android.widget.TextView[@text='There was an issue signing in']
xpath criteria: //android.widget.TextView[@text='There was an issue signing in']</msg>
<status status="PASS" starttime="20230120 17:25:03.931" endtime="20230120 17:25:05.540"/>
</kw>
<kw name="Element Should Contain Text" library="AppiumLibrary">
<arg>xpath=//android.widget.TextView[@text='There was an issue signing in']</arg>
<arg>There was an issue signing in</arg>
<doc>Verifies element identified by ``locator`` contains text ``expected``.</doc>
<msg timestamp="20230120 17:25:05.540" level="INFO">Verifying element 'xpath=//android.widget.TextView[@text='There was an issue signing in']' contains text 'There was an issue signing in'.</msg>
<msg timestamp="20230120 17:25:05.657" level="INFO">xpath criteria: //android.widget.TextView[@text='There was an issue signing in']</msg>
<status status="PASS" starttime="20230120 17:25:05.540" endtime="20230120 17:25:05.657"/>
</kw>
<kw name="Sleep" library="BuiltIn">
<arg>5s</arg>
<doc>Pauses the test executed for the given time.</doc>
<msg timestamp="20230120 17:25:10.669" level="INFO">Slept 5 seconds</msg>
<status status="PASS" starttime="20230120 17:25:05.657" endtime="20230120 17:25:10.669"/>
</kw>
<kw name="Close Application" library="AppiumLibrary" type="TEARDOWN">
<doc>Closes the current application and also close webdriver session.</doc>
<status status="PASS" starttime="20230120 17:25:10.669" endtime="20230120 17:25:11.421"/>
</kw>
<status status="PASS" starttime="20230120 17:24:39.784" endtime="20230120 17:25:11.422"/>
</test>
<status status="PASS" starttime="20230120 17:24:39.444" endtime="20230120 17:25:11.424"/>
</suite>
<statistics>
<total>
<stat pass="1" fail="0" skip="0">All Tests</stat>
</total>
<tag>
</tag>
<suite>
<stat pass="1" fail="0" skip="0" id="s1" name="Demo1 App Launch">Demo1 App Launch</stat>
</suite>
</statistics>
<errors>
</errors>
</robot>
