<?xml version="1.0" encoding="UTF-8"?>
<robot generator="Robot 6.0.2 (Python 3.9.13 on win32)" generated="20230118 15:49:13.696" rpa="false" schemaversion="3">
<suite id="s1" name="Demo11 Advance" source="C:\Users\40032482\robot_project\selenium_suite\demo11_advance.robot">
<test id="s1-t1" name="TC2" line="12">
<kw name="Open Browser" library="SeleniumLibrary">
<arg>browser=chrome</arg>
<doc>Opens a new browser instance to the optional ``url``.</doc>
<msg timestamp="20230118 15:49:14.028" level="INFO">Opening browser 'chrome' to base url 'None'.</msg>
<status status="PASS" starttime="20230118 15:49:14.028" endtime="20230118 15:49:16.381"/>
</kw>
<kw name="Maximize Browser Window" library="SeleniumLibrary">
<doc>Maximizes current browser window.</doc>
<status status="PASS" starttime="20230118 15:49:16.382" endtime="20230118 15:49:16.519"/>
</kw>
<kw name="Set Selenium Implicit Wait" library="SeleniumLibrary">
<arg>20s</arg>
<doc>Sets the implicit wait value used by Selenium.</doc>
<status status="PASS" starttime="20230118 15:49:16.520" endtime="20230118 15:49:16.527"/>
</kw>
<kw name="Go To" library="SeleniumLibrary">
<arg>url=https://www.facebook.com/</arg>
<doc>Navigates the current browser window to the provided ``url``.</doc>
<msg timestamp="20230118 15:49:16.531" level="INFO">Opening url 'https://www.facebook.com/'</msg>
<status status="PASS" starttime="20230118 15:49:16.530" endtime="20230118 15:49:18.800"/>
</kw>
<kw name="Input Text" library="SeleniumLibrary">
<arg>css=#email</arg>
<arg>Jack</arg>
<doc>Types the given ``text`` into the text field identified by ``locator``.</doc>
<msg timestamp="20230118 15:49:18.805" level="INFO">Typing text 'Jack' into text field 'css=#email'.</msg>
<status status="PASS" starttime="20230118 15:49:18.802" endtime="20230118 15:49:18.896"/>
</kw>
<kw name="Input Password" library="SeleniumLibrary">
<arg>css=#pass</arg>
<arg>pass123</arg>
<doc>Types the given password into the text field identified by ``locator``.</doc>
<msg timestamp="20230118 15:49:18.897" level="INFO">Typing password into text field 'css=#pass'.</msg>
<msg timestamp="20230118 15:49:18.935" level="INFO">Temporally setting log level to: NONE</msg>
<msg timestamp="20230118 15:49:19.012" level="INFO">Log level changed from NONE to INFO.</msg>
<status status="PASS" starttime="20230118 15:49:18.896" endtime="20230118 15:49:19.012"/>
</kw>
<kw name="Click Element" library="SeleniumLibrary">
<arg>css=button[name='login']</arg>
<doc>Click the element identified by ``locator``.</doc>
<msg timestamp="20230118 15:49:19.013" level="INFO">Clicking element 'css=button[name='login']'.</msg>
<status status="PASS" starttime="20230118 15:49:19.013" endtime="20230118 15:49:19.105"/>
</kw>
<status status="PASS" starttime="20230118 15:49:14.028" endtime="20230118 15:49:19.106"/>
</test>
<status status="PASS" starttime="20230118 15:49:13.696" endtime="20230118 15:49:19.107"/>
</suite>
<statistics>
<total>
<stat pass="1" fail="0" skip="0">All Tests</stat>
</total>
<tag>
</tag>
<suite>
<stat pass="1" fail="0" skip="0" id="s1" name="Demo11 Advance">Demo11 Advance</stat>
</suite>
</statistics>
<errors>
</errors>
</robot>
